{"name": "заказы пользователя из раздела «История заказов» отображаются на странице «Лента заказов»", "status": "broken", "statusDetails": {"message": "selenium.common.exceptions.ElementClickInterceptedException: Message: Element <a class=\"Account_link__2ETsJ text text_type_main-medium text_color_inactive\" href=\"/account/order-history\"> is not clickable at point (128,307) because another element <div class=\"Modal_modal_overlay__x2ZCr\"> obscures it\nStacktrace:\nRemoteError@chrome://remote/content/shared/RemoteError.sys.mjs:8:8\nWebDriverError@chrome://remote/content/shared/webdriver/Errors.sys.mjs:193:5\nElementClickInterceptedError@chrome://remote/content/shared/webdriver/Errors.sys.mjs:337:5\nwebdriverClickElement@chrome://remote/content/marionette/interaction.sys.mjs:176:11\ninteraction.clickElement@chrome://remote/content/marionette/interaction.sys.mjs:135:11\nclickElement@chrome://remote/content/marionette/actors/MarionetteCommandsChild.sys.mjs:204:29\nreceiveMessage@chrome://remote/content/marionette/actors/MarionetteCommandsChild.sys.mjs:84:31", "trace": "self = <test_orders_list.TestOrdersList object at 0x000001B59A580EC0>\ndriver = <selenium.webdriver.firefox.webdriver.WebDriver (session=\"286b7ee3-77b9-47e9-8903-b8653706ddd2\")>\nuser_login_valid_creds = {'email': 'e32gp2u898@yandex.ru', 'name': 'tfv7p', 'password': 'ysukcywm'}, list_for_creating_orders = [(0, 0)]\n\n    @pytest.mark.parametrize(\n        'list_for_creating_orders',\n        test_orders_list\n    )\n    @allure.title('заказы пользователя из раздела «История заказов» отображаются на странице «Лента заказов»')\n    def test_user_orders_present_on_orders_list_page(\n            self,\n            driver,\n            user_login_valid_creds: dict[str, str],\n            list_for_creating_orders,\n    ):\n        login_page = LoginPage(driver)\n        login_page.login(user_login_valid_creds)\n        constructor_page = ConstructorPage(driver)\n        constructor_page.wait_for_constructor_page_ready()\n        for i in list_for_creating_orders:\n            constructor_page.create_order(i[0], i[1])\n            constructor_page.click_ingredient_popup_close_btn()\n    \n        user_profile_page = UserProfilePage(driver)\n        user_profile_page.click_header_user_profile_link()\n>       user_profile_page.click_order_history_link()\n\ntests\\orders\\test_orders_list.py:71: \n_ _ _ _ _ _ _ _ _ _ _ _ _ _ _ _ _ _ _ _ _ _ _ _ _ _ _ _ _ _ _ _ _ _ _ _ _ _ _ _ _ _ _ _ _ _ _ _ _ _ _ _ _ _ _ _ _ _ _ _ _ _ _ _ _ _ _ _ _ _ _ _ _ _ _ _ _\npages\\users\\user_profile_page.py:18: in click_order_history_link\n    self.click_element(UserProfileLocators.ORDER_HISTORY_LINK)\npages\\base_page.py:31: in click_element\n    self.find_element_with_wait(locator).click()\nvenv\\Lib\\site-packages\\selenium\\webdriver\\remote\\webelement.py:94: in click\n    self._execute(Command.CLICK_ELEMENT)\nvenv\\Lib\\site-packages\\selenium\\webdriver\\remote\\webelement.py:395: in _execute\n    return self._parent.execute(command, params)\nvenv\\Lib\\site-packages\\selenium\\webdriver\\remote\\webdriver.py:347: in execute\n    self.error_handler.check_response(response)\n_ _ _ _ _ _ _ _ _ _ _ _ _ _ _ _ _ _ _ _ _ _ _ _ _ _ _ _ _ _ _ _ _ _ _ _ _ _ _ _ _ _ _ _ _ _ _ _ _ _ _ _ _ _ _ _ _ _ _ _ _ _ _ _ _ _ _ _ _ _ _ _ _ _ _ _ _\n\nself = <selenium.webdriver.remote.errorhandler.ErrorHandler object at 0x000001B59A6FA120>\nresponse = {'status': 400, 'value': '{\"value\":{\"error\":\"element click intercepted\",\"message\":\"Element <a class=\\\\\"Account_link__2...sys.mjs:204:29\\\\nreceiveMessage@chrome://remote/content/marionette/actors/MarionetteCommandsChild.sys.mjs:84:31\\\\n\"}}'}\n\n    def check_response(self, response: Dict[str, Any]) -> None:\n        \"\"\"Checks that a JSON response from the WebDriver does not have an\n        error.\n    \n        :Args:\n         - response - The JSON response from the WebDriver server as a dictionary\n           object.\n    \n        :Raises: If the response contains an error message.\n        \"\"\"\n        status = response.get(\"status\", None)\n        if not status or status == ErrorCode.SUCCESS:\n            return\n        value = None\n        message = response.get(\"message\", \"\")\n        screen: str = response.get(\"screen\", \"\")\n        stacktrace = None\n        if isinstance(status, int):\n            value_json = response.get(\"value\", None)\n            if value_json and isinstance(value_json, str):\n                import json\n    \n                try:\n                    value = json.loads(value_json)\n                    if len(value) == 1:\n                        value = value[\"value\"]\n                    status = value.get(\"error\", None)\n                    if not status:\n                        status = value.get(\"status\", ErrorCode.UNKNOWN_ERROR)\n                        message = value.get(\"value\") or value.get(\"message\")\n                        if not isinstance(message, str):\n                            value = message\n                            message = message.get(\"message\")\n                    else:\n                        message = value.get(\"message\", None)\n                except ValueError:\n                    pass\n    \n        exception_class: Type[WebDriverException]\n        e = ErrorCode()\n        error_codes = [item for item in dir(e) if not item.startswith(\"__\")]\n        for error_code in error_codes:\n            error_info = getattr(ErrorCode, error_code)\n            if isinstance(error_info, list) and status in error_info:\n                exception_class = getattr(ExceptionMapping, error_code, WebDriverException)\n                break\n        else:\n            exception_class = WebDriverException\n    \n        if not value:\n            value = response[\"value\"]\n        if isinstance(value, str):\n            raise exception_class(value)\n        if message == \"\" and \"message\" in value:\n            message = value[\"message\"]\n    \n        screen = None  # type: ignore[assignment]\n        if \"screen\" in value:\n            screen = value[\"screen\"]\n    \n        stacktrace = None\n        st_value = value.get(\"stackTrace\") or value.get(\"stacktrace\")\n        if st_value:\n            if isinstance(st_value, str):\n                stacktrace = st_value.split(\"\\n\")\n            else:\n                stacktrace = []\n                try:\n                    for frame in st_value:\n                        line = frame.get(\"lineNumber\", \"\")\n                        file = frame.get(\"fileName\", \"<anonymous>\")\n                        if line:\n                            file = f\"{file}:{line}\"\n                        meth = frame.get(\"methodName\", \"<anonymous>\")\n                        if \"className\" in frame:\n                            meth = f\"{frame['className']}.{meth}\"\n                        msg = \"    at %s (%s)\"\n                        msg = msg % (meth, file)\n                        stacktrace.append(msg)\n                except TypeError:\n                    pass\n        if exception_class == UnexpectedAlertPresentException:\n            alert_text = None\n            if \"data\" in value:\n                alert_text = value[\"data\"].get(\"text\")\n            elif \"alert\" in value:\n                alert_text = value[\"alert\"].get(\"text\")\n            raise exception_class(message, screen, stacktrace, alert_text)  # type: ignore[call-arg]  # mypy is not smart enough here\n>       raise exception_class(message, screen, stacktrace)\nE       selenium.common.exceptions.ElementClickInterceptedException: Message: Element <a class=\"Account_link__2ETsJ text text_type_main-medium text_color_inactive\" href=\"/account/order-history\"> is not clickable at point (128,307) because another element <div class=\"Modal_modal_overlay__x2ZCr\"> obscures it\nE       Stacktrace:\nE       RemoteError@chrome://remote/content/shared/RemoteError.sys.mjs:8:8\nE       WebDriverError@chrome://remote/content/shared/webdriver/Errors.sys.mjs:193:5\nE       ElementClickInterceptedError@chrome://remote/content/shared/webdriver/Errors.sys.mjs:337:5\nE       webdriverClickElement@chrome://remote/content/marionette/interaction.sys.mjs:176:11\nE       interaction.clickElement@chrome://remote/content/marionette/interaction.sys.mjs:135:11\nE       clickElement@chrome://remote/content/marionette/actors/MarionetteCommandsChild.sys.mjs:204:29\nE       receiveMessage@chrome://remote/content/marionette/actors/MarionetteCommandsChild.sys.mjs:84:31\n\nvenv\\Lib\\site-packages\\selenium\\webdriver\\remote\\errorhandler.py:229: ElementClickInterceptedException"}, "steps": [{"name": "Заполнить форму авторизации и кликнуть кнопку", "status": "passed", "steps": [{"name": "Открыть страницу авторизации", "status": "passed", "start": 1715330282311, "stop": 1715330284897}], "parameters": [{"name": "creds", "value": "{'email': 'e32gp2u898@yandex.ru', 'password': 'ysukcywm', 'name': 'tfv7p'}"}], "start": 1715330282311, "stop": 1715330285718}, {"name": "Подождать, пока страница конструктора загрузится", "status": "passed", "start": 1715330285718, "stop": 1715330285793}, {"name": "Создать заказ", "status": "passed", "steps": [{"name": "Добавить в корзину случайный ингредиент из категории 1", "status": "passed", "steps": [{"name": "Выбрать случайный ингредиент из раздела 1", "status": "passed", "parameters": [{"name": "category_index", "value": "1"}], "start": 1715330285794, "stop": 1715330285795}], "parameters": [{"name": "category_index", "value": "1"}], "start": 1715330285793, "stop": 1715330285813}], "parameters": [{"name": "sauce_quantity", "value": "0"}, {"name": "filling_quantity", "value": "0"}], "start": 1715330285793, "stop": 1715330287566}, {"name": "Кликнуть кнопку \"X\" попапа с деталями ингредиента", "status": "passed", "steps": [{"name": "Подождать, пока элементы попапа станут кликабельными", "status": "passed", "start": 1715330287566, "stop": 1715330287574}], "start": 1715330287566, "stop": 1715330287799}, {"name": "Открыть страницу профиля пользователя", "status": "passed", "start": 1715330287800, "stop": 1715330288030}, {"name": "Кликнуть ссылку \"История заказов\"", "status": "broken", "statusDetails": {"message": "selenium.common.exceptions.ElementClickInterceptedException: Message: Element <a class=\"Account_link__2ETsJ text text_type_main-medium text_color_inactive\" href=\"/account/order-history\"> is not clickable at point (128,307) because another element <div class=\"Modal_modal_overlay__x2ZCr\"> obscures it\nStacktrace:\nRemoteError@chrome://remote/content/shared/RemoteError.sys.mjs:8:8\nWebDriverError@chrome://remote/content/shared/webdriver/Errors.sys.mjs:193:5\nElementClickInterceptedError@chrome://remote/content/shared/webdriver/Errors.sys.mjs:337:5\nwebdriverClickElement@chrome://remote/content/marionette/interaction.sys.mjs:176:11\ninteraction.clickElement@chrome://remote/content/marionette/interaction.sys.mjs:135:11\nclickElement@chrome://remote/content/marionette/actors/MarionetteCommandsChild.sys.mjs:204:29\nreceiveMessage@chrome://remote/content/marionette/actors/MarionetteCommandsChild.sys.mjs:84:31\n\n", "trace": "  File \"D:\\projects\\py\\yandex\\diplom\\Diplom_3\\venv\\Lib\\site-packages\\allure_commons\\_allure.py\", line 192, in impl\n    return func(*a, **kw)\n           ^^^^^^^^^^^^^^\n  File \"D:\\projects\\py\\yandex\\diplom\\Diplom_3\\pages\\users\\user_profile_page.py\", line 18, in click_order_history_link\n    self.click_element(UserProfileLocators.ORDER_HISTORY_LINK)\n  File \"D:\\projects\\py\\yandex\\diplom\\Diplom_3\\pages\\base_page.py\", line 31, in click_element\n    self.find_element_with_wait(locator).click()\n  File \"D:\\projects\\py\\yandex\\diplom\\Diplom_3\\venv\\Lib\\site-packages\\selenium\\webdriver\\remote\\webelement.py\", line 94, in click\n    self._execute(Command.CLICK_ELEMENT)\n  File \"D:\\projects\\py\\yandex\\diplom\\Diplom_3\\venv\\Lib\\site-packages\\selenium\\webdriver\\remote\\webelement.py\", line 395, in _execute\n    return self._parent.execute(command, params)\n           ^^^^^^^^^^^^^^^^^^^^^^^^^^^^^^^^^^^^^\n  File \"D:\\projects\\py\\yandex\\diplom\\Diplom_3\\venv\\Lib\\site-packages\\selenium\\webdriver\\remote\\webdriver.py\", line 347, in execute\n    self.error_handler.check_response(response)\n  File \"D:\\projects\\py\\yandex\\diplom\\Diplom_3\\venv\\Lib\\site-packages\\selenium\\webdriver\\remote\\errorhandler.py\", line 229, in check_response\n    raise exception_class(message, screen, stacktrace)\n"}, "start": 1715330288030, "stop": 1715330288049}], "parameters": [{"name": "driver", "value": "'firefox_driver'"}, {"name": "list_for_creating_orders", "value": "[(0, 0)]"}], "start": 1715330282311, "stop": 1715330288055, "uuid": "6228806a-df9c-4eda-b623-7c2c839ba15f", "historyId": "b862f1a550adec8e028f0647c70a41b4", "testCaseId": "d6121ebb6fa822daa678c9b3951d6552", "fullName": "tests.orders.test_orders_list.TestOrdersList#test_user_orders_present_on_orders_list_page", "labels": [{"name": "parentSuite", "value": "tests.orders"}, {"name": "suite", "value": "test_orders_list"}, {"name": "subSuite", "value": "TestOrdersList"}, {"name": "host", "value": "DESKTOP-HCED1QB"}, {"name": "thread", "value": "38848-MainThread"}, {"name": "framework", "value": "pytest"}, {"name": "language", "value": "cpython3"}, {"name": "package", "value": "tests.orders.test_orders_list"}]}