{"name": "при создании нового заказа счётчик Выполнено за сегодня увеличивается", "status": "broken", "statusDetails": {"message": "selenium.common.exceptions.TimeoutException: Message:", "trace": "self = <test_orders_list.TestOrdersList object at 0x000001E71015F740>\ndriver = <selenium.webdriver.chrome.webdriver.WebDriver (session=\"47daf9ef0d0987113fdec8cf393d97b9\")>\nuser_login_valid_creds = {'email': 'r73f03xgko@yandex.ru', 'name': 'v3ea9', 'password': '8jraz63f'}\nlist_for_creating_orders = [(0, 0), (1, 0)]\n\n    @pytest.mark.parametrize(\n        'list_for_creating_orders',\n        test_orders_list\n    )\n    @allure.title('при создании нового заказа счётчик Выполнено за сегодня увеличивается')\n    def test_today_completed_counter_increases_after_new_order_created(\n            self,\n            driver,\n            user_login_valid_creds: dict[str, str],\n            list_for_creating_orders #: list[tuple[int, int]],\n    ):\n        orders_list_page = OrdersListPage(driver)\n        orders_list_page.get_orders_list_page()\n        with allure.step('получить начальное значение счетчика'):\n            initial_counter_value = int(\n                orders_list_page.get_completed_orders_counter_value('today')\n            )\n        login_page = LoginPage(driver)\n        login_page.login(user_login_valid_creds)\n        constructor_page = ConstructorPage(driver)\n        constructor_page.create_orders_list(list_for_creating_orders)\n        constructor_page.get_constructor_page()\n        # constructor_page.wait_for_constructor_page_ready()\n        orders_list_page.get_orders_list_page()\n>       orders_list_page.get_orders_list_page()\n\ntests\\orders\\test_orders_list.py:136: \n_ _ _ _ _ _ _ _ _ _ _ _ _ _ _ _ _ _ _ _ _ _ _ _ _ _ _ _ _ _ _ _ _ _ _ _ _ _ _ _ _ _ _ _ _ _ _ _ _ _ _ _ _ _ \npages\\orders\\orders_list_page.py:20: in get_orders_list_page\n    self.wait_for_orders_list_page_ready()\npages\\orders\\orders_list_page.py:29: in wait_for_orders_list_page_ready\n    self.wait_for_loading_progress_completed()\npages\\base_page.py:105: in wait_for_loading_progress_completed\n    self.wait_until_element_disappears(SharedLocators.CONTENT_LOADING_PROGRESS)\npages\\base_page.py:100: in wait_until_element_disappears\n    WebDriverWait(self.driver, Constants.TIMEOUT).until(\n_ _ _ _ _ _ _ _ _ _ _ _ _ _ _ _ _ _ _ _ _ _ _ _ _ _ _ _ _ _ _ _ _ _ _ _ _ _ _ _ _ _ _ _ _ _ _ _ _ _ _ _ _ _ \n\nself = <selenium.webdriver.support.wait.WebDriverWait (session=\"47daf9ef0d0987113fdec8cf393d97b9\")>\nmethod = <function invisibility_of_element_located.<locals>._predicate at 0x000001E7101723E0>, message = ''\n\n    def until(self, method: Callable[[D], Union[Literal[False], T]], message: str = \"\") -> T:\n        \"\"\"Calls the method provided with the driver as an argument until the \\\n        return value does not evaluate to ``False``.\n    \n        :param method: callable(WebDriver)\n        :param message: optional message for :exc:`TimeoutException`\n        :returns: the result of the last call to `method`\n        :raises: :exc:`selenium.common.exceptions.TimeoutException` if timeout occurs\n        \"\"\"\n        screen = None\n        stacktrace = None\n    \n        end_time = time.monotonic() + self._timeout\n        while True:\n            try:\n                value = method(self._driver)\n                if value:\n                    return value\n            except self._ignored_exceptions as exc:\n                screen = getattr(exc, \"screen\", None)\n                stacktrace = getattr(exc, \"stacktrace\", None)\n            time.sleep(self._poll)\n            if time.monotonic() > end_time:\n                break\n>       raise TimeoutException(message, screen, stacktrace)\nE       selenium.common.exceptions.TimeoutException: Message:\n\nvenv\\Lib\\site-packages\\selenium\\webdriver\\support\\wait.py:105: TimeoutException"}, "steps": [{"name": "Открыть страницу с лентой заказов", "status": "passed", "steps": [{"name": "Подождать, пока страница с лентой заказов загрузится", "status": "passed", "start": 1715354686495, "stop": 1715354686736}], "start": 1715354682507, "stop": 1715354686736}, {"name": "получить начальное значение счетчика", "status": "passed", "steps": [{"name": "Получить значение каунтера 'today'", "status": "passed", "parameters": [{"name": "counter_type", "value": "'today'"}], "start": 1715354686736, "stop": 1715354686775}], "start": 1715354686736, "stop": 1715354686775}, {"name": "Заполнить форму авторизации и кликнуть кнопку", "status": "passed", "steps": [{"name": "Открыть страницу авторизации", "status": "passed", "start": 1715354686775, "stop": 1715354687613}], "parameters": [{"name": "creds", "value": "{'email': 'r73f03xgko@yandex.ru', 'password': '8jraz63f', 'name': 'v3ea9'}"}], "start": 1715354686775, "stop": 1715354688286}, {"name": "Создать список заказов", "status": "passed", "steps": [{"name": "Подождать, пока страница конструктора загрузится", "status": "passed", "start": 1715354688286, "stop": 1715354688360}, {"name": "Создать заказ", "status": "passed", "steps": [{"name": "Добавить в корзину случайный ингредиент из категории 1", "status": "passed", "steps": [{"name": "Выбрать случайный ингредиент из раздела 1", "status": "passed", "parameters": [{"name": "category_index", "value": "1"}], "start": 1715354688361, "stop": 1715354688362}], "parameters": [{"name": "category_index", "value": "1"}], "start": 1715354688360, "stop": 1715354688399}], "parameters": [{"name": "sauce_quantity", "value": "0"}, {"name": "filling_quantity", "value": "0"}], "start": 1715354688360, "stop": 1715354689994}, {"name": "Кликнуть кнопку \"X\" попапа с с номером нового заказа", "status": "passed", "steps": [{"name": "Подождать, пока элементы попапа станут кликабельными", "status": "passed", "start": 1715354689994, "stop": 1715354690015}], "start": 1715354689994, "stop": 1715354690072}, {"name": "Создать заказ", "status": "passed", "steps": [{"name": "Добавить в корзину случайный ингредиент из категории 1", "status": "passed", "steps": [{"name": "Выбрать случайный ингредиент из раздела 1", "status": "passed", "parameters": [{"name": "category_index", "value": "1"}], "start": 1715354690072, "stop": 1715354690077}], "parameters": [{"name": "category_index", "value": "1"}], "start": 1715354690072, "stop": 1715354690105}, {"name": "Добавить в корзину случайный ингредиент из категории 2", "status": "passed", "steps": [{"name": "Выбрать случайный ингредиент из раздела 2", "status": "passed", "parameters": [{"name": "category_index", "value": "2"}], "start": 1715354690105, "stop": 1715354690114}], "parameters": [{"name": "category_index", "value": "2"}], "start": 1715354690105, "stop": 1715354690140}], "parameters": [{"name": "sauce_quantity", "value": "1"}, {"name": "filling_quantity", "value": "0"}], "start": 1715354690072, "stop": 1715354691842}, {"name": "Кликнуть кнопку \"X\" попапа с с номером нового заказа", "status": "passed", "steps": [{"name": "Подождать, пока элементы попапа станут кликабельными", "status": "passed", "start": 1715354691842, "stop": 1715354691862}], "start": 1715354691842, "stop": 1715354691908}], "parameters": [{"name": "list_for_creating_orders", "value": "[(0, 0), (1, 0)]"}], "start": 1715354688286, "stop": 1715354691908}, {"name": "Открыть главную страницу", "status": "passed", "steps": [{"name": "Подождать, пока страница конструктора загрузится", "status": "passed", "start": 1715354692117, "stop": 1715354692694}], "start": 1715354691908, "stop": 1715354692694}, {"name": "Открыть страницу с лентой заказов", "status": "passed", "steps": [{"name": "Подождать, пока страница с лентой заказов загрузится", "status": "passed", "start": 1715354692943, "stop": 1715354694186}], "start": 1715354692694, "stop": 1715354694186}, {"name": "Открыть страницу с лентой заказов", "status": "broken", "statusDetails": {"message": "selenium.common.exceptions.TimeoutException: Message: \n\n", "trace": "  File \"D:\\projects\\py\\yandex\\diplom\\Diplom_3\\venv\\Lib\\site-packages\\allure_commons\\_allure.py\", line 192, in impl\n    return func(*a, **kw)\n           ^^^^^^^^^^^^^^\n  File \"D:\\projects\\py\\yandex\\diplom\\Diplom_3\\pages\\orders\\orders_list_page.py\", line 20, in get_orders_list_page\n    self.wait_for_orders_list_page_ready()\n  File \"D:\\projects\\py\\yandex\\diplom\\Diplom_3\\venv\\Lib\\site-packages\\allure_commons\\_allure.py\", line 192, in impl\n    return func(*a, **kw)\n           ^^^^^^^^^^^^^^\n  File \"D:\\projects\\py\\yandex\\diplom\\Diplom_3\\pages\\orders\\orders_list_page.py\", line 29, in wait_for_orders_list_page_ready\n    self.wait_for_loading_progress_completed()\n  File \"D:\\projects\\py\\yandex\\diplom\\Diplom_3\\pages\\base_page.py\", line 105, in wait_for_loading_progress_completed\n    self.wait_until_element_disappears(SharedLocators.CONTENT_LOADING_PROGRESS)\n  File \"D:\\projects\\py\\yandex\\diplom\\Diplom_3\\pages\\base_page.py\", line 100, in wait_until_element_disappears\n    WebDriverWait(self.driver, Constants.TIMEOUT).until(\n  File \"D:\\projects\\py\\yandex\\diplom\\Diplom_3\\venv\\Lib\\site-packages\\selenium\\webdriver\\support\\wait.py\", line 105, in until\n    raise TimeoutException(message, screen, stacktrace)\n"}, "steps": [{"name": "Подождать, пока страница с лентой заказов загрузится", "status": "broken", "statusDetails": {"message": "selenium.common.exceptions.TimeoutException: Message: \n\n", "trace": "  File \"D:\\projects\\py\\yandex\\diplom\\Diplom_3\\venv\\Lib\\site-packages\\allure_commons\\_allure.py\", line 192, in impl\n    return func(*a, **kw)\n           ^^^^^^^^^^^^^^\n  File \"D:\\projects\\py\\yandex\\diplom\\Diplom_3\\pages\\orders\\orders_list_page.py\", line 29, in wait_for_orders_list_page_ready\n    self.wait_for_loading_progress_completed()\n  File \"D:\\projects\\py\\yandex\\diplom\\Diplom_3\\pages\\base_page.py\", line 105, in wait_for_loading_progress_completed\n    self.wait_until_element_disappears(SharedLocators.CONTENT_LOADING_PROGRESS)\n  File \"D:\\projects\\py\\yandex\\diplom\\Diplom_3\\pages\\base_page.py\", line 100, in wait_until_element_disappears\n    WebDriverWait(self.driver, Constants.TIMEOUT).until(\n  File \"D:\\projects\\py\\yandex\\diplom\\Diplom_3\\venv\\Lib\\site-packages\\selenium\\webdriver\\support\\wait.py\", line 105, in until\n    raise TimeoutException(message, screen, stacktrace)\n"}, "start": 1715354694641, "stop": 1715354706393}], "start": 1715354694186, "stop": 1715354706393}], "parameters": [{"name": "driver", "value": "'chrome_driver'"}, {"name": "list_for_creating_orders", "value": "[(0, 0), (1, 0)]"}], "start": 1715354682491, "stop": 1715354706393, "uuid": "e6a3b7d6-541e-4b9d-aa55-1a3a1298d6b7", "historyId": "53ed164d1e2492ca2a21df051b8c5ff9", "testCaseId": "d0403f13d0b92b9304c0b5d8c72c94bc", "fullName": "tests.orders.test_orders_list.TestOrdersList#test_today_completed_counter_increases_after_new_order_created", "labels": [{"name": "parentSuite", "value": "tests.orders"}, {"name": "suite", "value": "test_orders_list"}, {"name": "subSuite", "value": "TestOrdersList"}, {"name": "host", "value": "DESKTOP-HCED1QB"}, {"name": "thread", "value": "14432-MainThread"}, {"name": "framework", "value": "pytest"}, {"name": "language", "value": "cpython3"}, {"name": "package", "value": "tests.orders.test_orders_list"}]}